<?xml version="1.0" encoding="UTF-8"?>
<!-- Generated by org.testng.reporters.JUnitReportReporter -->
<testsuite hostname="DESKTOP-TBMI47Q" failures="0" tests="1" name="Sree.Tests.StandAloneTest" time="23.873" errors="0" timestamp="15 May 2023 10:26:55 GMT" skipped="0">
  <testcase classname="Sree.Tests.StandAloneTest" name="Standalone" time="23.873"/>
</testsuite> <!-- Sree.Tests.StandAloneTest -->
